c:\users\martin\desktop\semestralna praca\semestralna praca\debug\vc141.pdb
c:\users\martin\desktop\semestralna praca\semestralna praca\debug\vc141.idb
c:\users\martin\desktop\semestralna praca\semestralna praca\debug\zasielka.obj
c:\users\martin\desktop\semestralna praca\semestralna praca\debug\vozidlo.obj
c:\users\martin\desktop\semestralna praca\semestralna praca\debug\spolocnost.obj
c:\users\martin\desktop\semestralna praca\semestralna praca\debug\prekladisko.obj
c:\users\martin\desktop\semestralna praca\semestralna praca\debug\objednavka.obj
c:\users\martin\desktop\semestralna praca\semestralna praca\debug\main.obj
c:\users\martin\desktop\semestralna praca\semestralna praca\debug\dron.obj
c:\users\martin\desktop\semestralna praca\semestralna praca\debug\vector.obj
c:\users\martin\desktop\semestralna praca\semestralna praca\debug\structure.obj
c:\users\martin\desktop\semestralna praca\semestralna praca\debug\memory_routines.obj
c:\users\martin\desktop\semestralna praca\semestralna praca\debug\ds_routines.obj
c:\users\martin\desktop\semestralna praca\debug\semestralna praca.exe
c:\users\martin\desktop\semestralna praca\debug\semestralna praca.ilk
c:\users\martin\desktop\semestralna praca\debug\semestralna praca.pdb
c:\users\martin\desktop\semestralna praca\semestralna praca\debug\semestra.f49ded71.tlog\cl.command.1.tlog
c:\users\martin\desktop\semestralna praca\semestralna praca\debug\semestra.f49ded71.tlog\cl.read.1.tlog
c:\users\martin\desktop\semestralna praca\semestralna praca\debug\semestra.f49ded71.tlog\cl.write.1.tlog
c:\users\martin\desktop\semestralna praca\semestralna praca\debug\semestra.f49ded71.tlog\link.command.1.tlog
c:\users\martin\desktop\semestralna praca\semestralna praca\debug\semestra.f49ded71.tlog\link.read.1.tlog
c:\users\martin\desktop\semestralna praca\semestralna praca\debug\semestra.f49ded71.tlog\link.write.1.tlog
